[debug] [2024-08-21T14:45:05.090Z] ----------------------------------------------------------------------
[debug] [2024-08-21T14:45:05.114Z] Command:       /usr/local/bin/node /usr/local/bin/firebase init hosting
[debug] [2024-08-21T14:45:05.116Z] CLI Version:   13.15.3
[debug] [2024-08-21T14:45:05.116Z] Platform:      darwin
[debug] [2024-08-21T14:45:05.117Z] Node Version:  v20.15.0
[debug] [2024-08-21T14:45:05.118Z] Time:          Wed Aug 21 2024 21:45:05 GMT+0700 (Western Indonesia Time)
[debug] [2024-08-21T14:45:05.119Z] ----------------------------------------------------------------------
[debug] 
[debug] [2024-08-21T14:45:05.137Z] > command requires scopes: ["email","openid","https://www.googleapis.com/auth/cloudplatformprojects.readonly","https://www.googleapis.com/auth/firebase","https://www.googleapis.com/auth/cloud-platform"]
[debug] [2024-08-21T14:45:05.138Z] > authorizing via signed-in user (muhammad.fawwaz22@ui.ac.id)
[info] 
     ######## #### ########  ######## ########     ###     ######  ########
     ##        ##  ##     ## ##       ##     ##  ##   ##  ##       ##
     ######    ##  ########  ######   ########  #########  ######  ######
     ##        ##  ##    ##  ##       ##     ## ##     ##       ## ##
     ##       #### ##     ## ######## ########  ##     ##  ######  ########

You're about to initialize a Firebase project in this directory:

  /Users/arshad/webportfolio/build/web

[info] 
=== Project Setup
[info] 
[info] First, let's associate this project directory with a Firebase project.
[info] You can create multiple project aliases by running firebase use --add, 
[info] but for now we'll just set up a default project.
[info] 
[info] i  If you want to create a project in a Google Cloud organization or folder, please use "firebase projects:create" instead, and return to this command when you've created the project. 
[debug] [2024-08-21T14:45:17.291Z] >>> [apiv2][query] POST https://cloudresourcemanager.googleapis.com/v1/projects [none]
[debug] [2024-08-21T14:45:17.299Z] >>> [apiv2][body] POST https://cloudresourcemanager.googleapis.com/v1/projects {"projectId":"arshadsaid","name":"arshadsaid"}
[debug] [2024-08-21T14:45:19.369Z] <<< [apiv2][status] POST https://cloudresourcemanager.googleapis.com/v1/projects 200
[debug] [2024-08-21T14:45:19.377Z] <<< [apiv2][body] POST https://cloudresourcemanager.googleapis.com/v1/projects {"name":"operations/cp.7731532732908255403"}
[debug] [2024-08-21T14:45:19.411Z] >>> [apiv2][query] GET https://cloudresourcemanager.googleapis.com/v1/operations/cp.7731532732908255403 [none]
[debug] [2024-08-21T14:45:20.822Z] <<< [apiv2][status] GET https://cloudresourcemanager.googleapis.com/v1/operations/cp.7731532732908255403 200
[debug] [2024-08-21T14:45:20.858Z] <<< [apiv2][body] GET https://cloudresourcemanager.googleapis.com/v1/operations/cp.7731532732908255403 {"name":"operations/cp.7731532732908255403","metadata":{"@type":"type.googleapis.com/google.cloudresourcemanager.v1.ProjectCreationStatus","ready":true},"done":true,"error":{"code":9,"message":"Callers must accept Terms of Service","details":[{"@type":"type.googleapis.com/google.rpc.PreconditionFailure","violations":[{"type":"TOS","subject":"cloud","description":"Callers must accept Terms of Service"}]}]}}
[debug] [2024-08-21T14:45:21.091Z] FirebaseError: Callers must accept Terms of Service
    at OperationPoller.poll (/usr/local/lib/node_modules/firebase-tools/lib/operation-poller.js:24:19)
    at process.processTicksAndRejections (node:internal/process/task_queues:95:5)
    at async createCloudProject (/usr/local/lib/node_modules/firebase-tools/lib/management/projects.js:186:29)
    at async createFirebaseProjectAndLog (/usr/local/lib/node_modules/firebase-tools/lib/management/projects.js:45:9)
    at async promptAndCreateNewProject (/usr/local/lib/node_modules/firebase-tools/lib/init/features/project.js:32:12)
    at async doSetup (/usr/local/lib/node_modules/firebase-tools/lib/init/features/project.js:88:27)
    at async init (/usr/local/lib/node_modules/firebase-tools/lib/init/index.js:40:9)
[error] 
[error] Error: Failed to create project. See firebase-debug.log for more info.
